1736527661179:help
1736528803223:l
1736528805419:log
1736528810032:help
1736528948403:l
1736530028389:Ğ¹
1736530030577:q
1736530035934:start
1736530239324:l
1736530247731:start
1736530600370:l
1736530609530:start
1736530626026:score
1736530648677:q
1736530652103:quize
1736530654605:start
1736530714664:l
1736530719151:start
1736530761711:l
1736530763812:2
1736530766481:l
1736530771318:start
1736530831193:l
1736530836017:start
1736530872940:1
1736530873914:2
1736530875661:l
1736530880403:start
1736530972207:1
1736530975376:l
1736530980501:start
1736531013267:l
1736531017889:start
1736531087102:l
1736531091677:start
1736531181540:1
1736531182450:2
1736531183496:1
1736531185268:l
1736531190908:start
1736531263339:l
1736531267772:start
1736531317324:l
1736531322010:start
1736531417200:l
1736531427122:start
1736531549652:1
1736531550069:2
1736531551860:l
1736531555916:start
1736531733704:l
1736531738083:start
1736531739668:q
1736531741353:1
1736531743715:start
1736531928677:1
1736531930986:l
1736531939238:start
1736531963841:l
1736531978924:start
1736532109839:l
1736532114033:start
