1743970614477:рудз
1743970618585:help
1743970624162:ag
1743970627616:aa
1743970646384:bbid
1743970650798:bbid --id 1
1743970665604:bins
1743970705060:bins --authorId 2 --title "NEW TITLE" --genresIds 1,2
1743970712178:ab
1743970737988:ac --bookId 1
1743970754511:help
1743970768116:acbbid
1743970775196:acbbid --BookId 1
1743970783535:acbbid --bookId 1
1743970791990:exit;
1744046139755:ab
1744046168880:help
1744046173491:aa
1744046182090:ab
1744046439476:stacktracetree
1744046448670:stacktrace
1744046484451:ab
1744046495281:help
1744046505572:bins
1744046535351:bins --title "aaa" --authorId 1,2,3 --genresIds 1,2
1744046566069:bins --title "aaa" --authorId 1 --genresIds 1,2
1744046570179:ab
